<?xml version="1.0" encoding="UTF-8"?>
<coverage generated="1763624963414" clover="3.2.0">
  <project timestamp="1763624963414" name="All files">
    <metrics statements="16" coveredstatements="15" conditionals="8" coveredconditionals="8" methods="6" coveredmethods="5" elements="30" coveredelements="28" complexity="0" loc="16" ncloc="16" packages="2" files="3" classes="3"/>
    <package name="src">
      <metrics statements="1" coveredstatements="0" conditionals="0" coveredconditionals="0" methods="1" coveredmethods="0"/>
      <file name="App.js" path="/home/user/testing-and-debugging-ensuring-mern-app-reliability-scxbrian/client/src/App.js">
        <metrics statements="1" coveredstatements="0" conditionals="0" coveredconditionals="0" methods="1" coveredmethods="0"/>
        <line num="6" count="0" type="stmt"/>
      </file>
    </package>
    <package name="src.components">
      <metrics statements="15" coveredstatements="15" conditionals="8" coveredconditionals="8" methods="5" coveredmethods="5"/>
      <file name="Button.jsx" path="/home/user/testing-and-debugging-ensuring-mern-app-reliability-scxbrian/client/src/components/Button.jsx">
        <metrics statements="8" coveredstatements="8" conditionals="6" coveredconditionals="6" methods="1" coveredmethods="1"/>
        <line num="5" count="1" type="stmt"/>
        <line num="14" count="6" type="stmt"/>
        <line num="15" count="6" type="stmt"/>
        <line num="20" count="6" type="stmt"/>
        <line num="25" count="6" type="cond" truecount="2" falsecount="0"/>
        <line num="27" count="6" type="stmt"/>
        <line num="37" count="6" type="stmt"/>
        <line num="49" count="1" type="stmt"/>
      </file>
      <file name="ErrorBoundary.js" path="/home/user/testing-and-debugging-ensuring-mern-app-reliability-scxbrian/client/src/components/ErrorBoundary.js">
        <metrics statements="7" coveredstatements="7" conditionals="2" coveredconditionals="2" methods="4" coveredmethods="4"/>
        <line num="5" count="3" type="stmt"/>
        <line num="6" count="2" type="stmt"/>
        <line num="10" count="2" type="stmt"/>
        <line num="14" count="1" type="stmt"/>
        <line num="18" count="4" type="cond" truecount="2" falsecount="0"/>
        <line num="19" count="2" type="stmt"/>
        <line num="22" count="2" type="stmt"/>
      </file>
    </package>
  </project>
</coverage>
