{"/home/user/testing-and-debugging-ensuring-mern-app-reliability-scxbrian/client/src/App.js": {"path":"/home/user/testing-and-debugging-ensuring-mern-app-reliability-scxbrian/client/src/App.js","statementMap":{"0":{"start":{"line":6,"column":2},"end":{"line":12,"column":4}}},"fnMap":{"0":{"name":"App","decl":{"start":{"line":5,"column":9},"end":{"line":5,"column":12}},"loc":{"start":{"line":5,"column":15},"end":{"line":13,"column":1}},"line":5}},"branchMap":{},"s":{"0":0},"f":{"0":0},"b":{}}
,"/home/user/testing-and-debugging-ensuring-mern-app-reliability-scxbrian/client/src/components/Button.jsx": {"path":"/home/user/testing-and-debugging-ensuring-mern-app-reliability-scxbrian/client/src/components/Button.jsx","statementMap":{"0":{"start":{"line":5,"column":15},"end":{"line":47,"column":1}},"1":{"start":{"line":14,"column":22},"end":{"line":14,"column":27}},"2":{"start":{"line":15,"column":25},"end":{"line":19,"column":3}},"3":{"start":{"line":20,"column":22},"end":{"line":24,"column":3}},"4":{"start":{"line":25,"column":26},"end":{"line":25,"column":56}},"5":{"start":{"line":27,"column":18},"end":{"line":35,"column":14}},"6":{"start":{"line":37,"column":2},"end":{"line":46,"column":4}},"7":{"start":{"line":49,"column":0},"end":{"line":56,"column":2}}},"fnMap":{"0":{"name":"(anonymous_0)","decl":{"start":{"line":5,"column":15},"end":{"line":5,"column":16}},"loc":{"start":{"line":13,"column":6},"end":{"line":47,"column":1}},"line":13}},"branchMap":{"0":{"loc":{"start":{"line":8,"column":2},"end":{"line":8,"column":21}},"type":"default-arg","locations":[{"start":{"line":8,"column":12},"end":{"line":8,"column":21}}],"line":8},"1":{"loc":{"start":{"line":9,"column":2},"end":{"line":9,"column":13}},"type":"default-arg","locations":[{"start":{"line":9,"column":9},"end":{"line":9,"column":13}}],"line":9},"2":{"loc":{"start":{"line":10,"column":2},"end":{"line":10,"column":18}},"type":"default-arg","locations":[{"start":{"line":10,"column":13},"end":{"line":10,"column":18}}],"line":10},"3":{"loc":{"start":{"line":11,"column":2},"end":{"line":11,"column":16}},"type":"default-arg","locations":[{"start":{"line":11,"column":14},"end":{"line":11,"column":16}}],"line":11},"4":{"loc":{"start":{"line":25,"column":26},"end":{"line":25,"column":56}},"type":"cond-expr","locations":[{"start":{"line":25,"column":37},"end":{"line":25,"column":51}},{"start":{"line":25,"column":54},"end":{"line":25,"column":56}}],"line":25}},"s":{"0":1,"1":6,"2":6,"3":6,"4":6,"5":6,"6":6,"7":1},"f":{"0":6},"b":{"0":[3],"1":[3],"2":[5],"3":[6],"4":[1,5]},"_coverageSchema":"1a1c01bbd47fc00a2c39e90264f33305004495a9","hash":"4970918b3d731ec0b36c26a73863e38a3c1daf58"}
,"/home/user/testing-and-debugging-ensuring-mern-app-reliability-scxbrian/client/src/components/ErrorBoundary.js": {"path":"/home/user/testing-and-debugging-ensuring-mern-app-reliability-scxbrian/client/src/components/ErrorBoundary.js","statementMap":{"0":{"start":{"line":5,"column":4},"end":{"line":5,"column":17}},"1":{"start":{"line":6,"column":4},"end":{"line":6,"column":37}},"2":{"start":{"line":10,"column":4},"end":{"line":10,"column":30}},"3":{"start":{"line":14,"column":4},"end":{"line":14,"column":69}},"4":{"start":{"line":18,"column":4},"end":{"line":20,"column":5}},"5":{"start":{"line":19,"column":6},"end":{"line":19,"column":44}},"6":{"start":{"line":22,"column":4},"end":{"line":22,"column":31}}},"fnMap":{"0":{"name":"(anonymous_0)","decl":{"start":{"line":4,"column":2},"end":{"line":4,"column":3}},"loc":{"start":{"line":4,"column":21},"end":{"line":7,"column":3}},"line":4},"1":{"name":"(anonymous_1)","decl":{"start":{"line":9,"column":2},"end":{"line":9,"column":3}},"loc":{"start":{"line":9,"column":41},"end":{"line":11,"column":3}},"line":9},"2":{"name":"(anonymous_2)","decl":{"start":{"line":13,"column":2},"end":{"line":13,"column":3}},"loc":{"start":{"line":13,"column":38},"end":{"line":15,"column":3}},"line":13},"3":{"name":"(anonymous_3)","decl":{"start":{"line":17,"column":2},"end":{"line":17,"column":3}},"loc":{"start":{"line":17,"column":11},"end":{"line":23,"column":3}},"line":17}},"branchMap":{"0":{"loc":{"start":{"line":18,"column":4},"end":{"line":20,"column":5}},"type":"if","locations":[{"start":{"line":18,"column":4},"end":{"line":20,"column":5}},{"start":{},"end":{}}],"line":18}},"s":{"0":3,"1":2,"2":2,"3":1,"4":4,"5":2,"6":2},"f":{"0":3,"1":2,"2":1,"3":4},"b":{"0":[2,2]},"_coverageSchema":"1a1c01bbd47fc00a2c39e90264f33305004495a9","hash":"418a3147a20bf74b262bbb04be57ab3afd577ecf"}
}
