TN:
SF:src/App.js
FN:5,App
FNF:1
FNH:0
FNDA:0,App
DA:6,0
LF:1
LH:0
BRF:0
BRH:0
end_of_record
TN:
SF:src/components/Button.jsx
FN:5,(anonymous_0)
FNF:1
FNH:1
FNDA:6,(anonymous_0)
DA:5,1
DA:14,6
DA:15,6
DA:20,6
DA:25,6
DA:27,6
DA:37,6
DA:49,1
LF:8
LH:8
BRDA:8,0,0,3
BRDA:9,1,0,3
BRDA:10,2,0,5
BRDA:11,3,0,6
BRDA:25,4,0,1
BRDA:25,4,1,5
BRF:6
BRH:6
end_of_record
TN:
SF:src/components/ErrorBoundary.js
FN:4,(anonymous_0)
FN:9,(anonymous_1)
FN:13,(anonymous_2)
FN:17,(anonymous_3)
FNF:4
FNH:4
FNDA:3,(anonymous_0)
FNDA:2,(anonymous_1)
FNDA:1,(anonymous_2)
FNDA:4,(anonymous_3)
DA:5,3
DA:6,2
DA:10,2
DA:14,1
DA:18,4
DA:19,2
DA:22,2
LF:7
LH:7
BRDA:18,0,0,2
BRDA:18,0,1,2
BRF:2
BRH:2
end_of_record
